<?xml version="1.0" encoding="UTF-8" ?>
<testsuite tests="18" failures="0" name="CalculatorOperationTest" time="0.046" errors="0" skipped="0">
  <properties>
[...]
</properties>
  <testcase classname="CalculatorOperationTest" name="testAdditionPositiveNumbers" time="0.002"/>
  <testcase classname="CalculatorOperationTest" name="testSubtructZero" time="0"/>
  <testcase classname="CalculatorOperationTest" name="testMultiplyPositiveNumbers" time="0.001"/>
  <testcase classname="CalculatorOperationTest" name="testMultiplyNegativeNumbers" time="0"/>
  <testcase classname="CalculatorOperationTest" name="testGetOperation" time="0.001"/>
  <testcase classname="CalculatorOperationTest" name="testAddZero" time="0.001"/>
  <testcase classname="CalculatorOperationTest" name="testDividebyZero" time="0"/>
  <testcase classname="CalculatorOperationTest" name="testSetFirstNumber" time="0"/>
  <testcase classname="CalculatorOperationTest" name="testSetOperation" time="0.001"/>
  <testcase classname="CalculatorOperationTest" name="testDivisionPositiveNumbers" time="0"/>
  <testcase classname="CalculatorOperationTest" name="testGetSecondNumber" time="0.003"/>
  <testcase classname="CalculatorOperationTest" name="testDivisionNegativeNumbers" time="0"/>
  <testcase classname="CalculatorOperationTest" name="testGetFirstNumber" time="0"/>
  <testcase classname="CalculatorOperationTest" name="testSubstructNegativeNumbers" time="0"/>
  <testcase classname="CalculatorOperationTest" name="testMultiplyZero" time="0.001"/>
  <testcase classname="CalculatorOperationTest" name="testSetSecondNumber" time="0"/>
  <testcase classname="CalculatorOperationTest" name="testSubtracionPositiveNumbers" time="0"/>
  <testcase classname="CalculatorOperationTest" name="testAdditionNegariveNumbers" time="0"/>
</testsuite>